➜  streams101 git:(master) ✗ node 01_indexSync.js

++++++++++ READ Start - Tue Mar 06 2018 17:31:14 GMT+0000 (STD)
++ 1 Read push:1
++ 2 Read push:0
++++ 1 Transform
++++++ 1 Write
       1 - 1:0 Write processing
------ 1 - 0:1 Write finished, calling next()
++++ 1 Transform - push:1
++++ 1 Transform - next:0
++ 3 Read push:0
++++ 2 Transform
++++++ 2 Write
       2 - 1:1 Write processing
------ 2 - 0:2 Write finished, calling next()
++++ 2 Transform - push:1
++++ 2 Transform - next:0
++ 4 Read push:0
++++ 3 Transform
++++++ 3 Write
       3 - 1:2 Write processing
------ 3 - 0:3 Write finished, calling next()
++++ 3 Transform - push:1
++++ 3 Transform - next:0
++ 5 Read push:0
++++ 4 Transform
++++++ 4 Write
       4 - 1:3 Write processing
------ 4 - 0:4 Write finished, calling next()
++++ 4 Transform - push:1
++++ 4 Transform - next:0
++ 6 Read push:0
++++ 5 Transform
++++++ 5 Write
       5 - 1:4 Write processing
------ 5 - 0:5 Write finished, calling next()
++++ 5 Transform - push:1
++++ 5 Transform - next:0
++ 7 Read push:0
++++ 6 Transform
++++++ 6 Write
       6 - 1:5 Write processing
------ 6 - 0:6 Write finished, calling next()
++++ 6 Transform - push:1
++++ 6 Transform - next:0
++ 8 Read push:0
++++ 7 Transform
++++++ 7 Write
       7 - 1:6 Write processing
------ 7 - 0:7 Write finished, calling next()
++++ 7 Transform - push:1
++++ 7 Transform - next:0
++ 9 Read push:0
++++ 8 Transform
++++++ 8 Write
       8 - 1:7 Write processing
------ 8 - 0:8 Write finished, calling next()
++++ 8 Transform - push:1
++++ 8 Transform - next:0
++ 10 Read push:0
++++ 9 Transform
++++++ 9 Write
       9 - 1:8 Write processing
------ 9 - 0:9 Write finished, calling next()
++++ 9 Transform - push:1
++++ 9 Transform - next:0
++++++++++ READ End - Tue Mar 06 2018 17:31:14 GMT+0000 (STD)
++++ 10 Transform
++++++ 10 Write
       10 - 1:9 Write processing
------ 10 - 0:10 Write finished, calling next()
++++ 10 Transform - push:1
++++ 10 Transform - next:0
++++++++++ TRANSFORM Final - Tue Mar 06 2018 17:31:14 GMT+0000 (STD)
++++++++++ WRITE Final - Tue Mar 06 2018 17:31:14 GMT+0000 (STD)