➜  streams101 git:(master) ✗ node indexSyncSlow.js

++++++++++ READ Start - Tue Mar 06 2018 18:00:46 GMT+0000 (STD)
++ 1 Read push:1
++ 2 Read push:0
++++ 1 Transform
++++++ 1 Write
++++ 1 Transform - push:1
++++ 1 Transform - next:0
++ 3 Read push:0
++++ 2 Transform
++++ 2 Transform - push:1
++++ 2 Transform - next:0
++ 4 Read push:0
++++ 3 Transform
++++ 3 Transform - push:1
++++ 3 Transform - next:0
++ 5 Read push:0
++++ 4 Transform
++++ 4 Transform - push:0
++++ 4 Transform - next:0
++ 6 Read push:0
++ 7 Read push:0
++ 8 Read push:0
------ 1 - 1:1 Write finished in 423, calling next()
++++++ 2 Write
------ 2 - 1:2 Write finished in 985, calling next()
++++ 5 Transform
++++ 5 Transform - push:0
++++ 5 Transform - next:0
++++++ 3 Write
++++ 6 Transform
++++ 6 Transform - push:0
++ 9 Read push:0
++ 10 Read push:0
++++ 6 Transform - next:0
------ 3 - 1:3 Write finished in 694, calling next()
++++++ 4 Write
------ 4 - 1:4 Write finished in 341, calling next()
++++ 7 Transform
++++ 7 Transform - push:0
++++ 7 Transform - next:0
++++++ 5 Write
++++ 8 Transform
++++ 8 Transform - push:0
++++++++++ READ End - Tue Mar 06 2018 18:00:48 GMT+0000 (STD)
++++ 8 Transform - next:0
------ 5 - 1:5 Write finished in 514, calling next()
++++++ 6 Write
------ 6 - 1:6 Write finished in 309, calling next()
++++ 9 Transform
++++ 9 Transform - push:0
++++ 9 Transform - next:0
++++++ 7 Write
++++ 10 Transform
++++ 10 Transform - push:0
++++ 10 Transform - next:0
++++++++++ TRANSFORM Final - Tue Mar 06 2018 18:00:49 GMT+0000 (STD)
------ 7 - 1:7 Write finished in 918, calling next()
++++++ 8 Write
------ 8 - 1:8 Write finished in 911, calling next()
++++++ 9 Write
------ 9 - 1:9 Write finished in 324, calling next()
++++++ 10 Write
------ 10 - 1:10 Write finished in 122, calling next()
++++++++++ WRITE Final - Tue Mar 06 2018 18:00:51 GMT+0000 (STD)