➜  streams101 git:(master) ✗ node indexSync.js

++++++++++ READ Start - Mon Dec 11 2017 18:04:26 GMT+0000 (STD)
++ 1 Read
++++ 1 Transform
++++++ 1 Write
       1 - 1:0 Write processing
------ 1 - 0:1 Write finished, calling next()
++ 2 Read
++++ 2 Transform
++++++ 2 Write
       2 - 1:1 Write processing
------ 2 - 0:2 Write finished, calling next()
++ 3 Read
++++ 3 Transform
++++++ 3 Write
       3 - 1:2 Write processing
------ 3 - 0:3 Write finished, calling next()
++ 4 Read
++++ 4 Transform
++++++ 4 Write
       4 - 1:3 Write processing
------ 4 - 0:4 Write finished, calling next()
++ 5 Read
++++ 5 Transform
++++++ 5 Write
       5 - 1:4 Write processing
------ 5 - 0:5 Write finished, calling next()
++ 6 Read
++++ 6 Transform
++++++ 6 Write
       6 - 1:5 Write processing
------ 6 - 0:6 Write finished, calling next()
++ 7 Read
++++ 7 Transform
++++++ 7 Write
       7 - 1:6 Write processing
------ 7 - 0:7 Write finished, calling next()
++ 8 Read
++++ 8 Transform
++++++ 8 Write
       8 - 1:7 Write processing
------ 8 - 0:8 Write finished, calling next()
++ 9 Read
++++ 9 Transform
++++++ 9 Write
       9 - 1:8 Write processing
------ 9 - 0:9 Write finished, calling next()
++ 10 Read
++++ 10 Transform
++++++ 10 Write
       10 - 1:9 Write processing
------ 10 - 0:10 Write finished, calling next()
++ 11 Read
++++ 11 Transform
++++++ 11 Write
       11 - 1:10 Write processing
------ 11 - 0:11 Write finished, calling next()
++ 12 Read
++++ 12 Transform
++++++ 12 Write
       12 - 1:11 Write processing
------ 12 - 0:12 Write finished, calling next()
++ 13 Read
++++ 13 Transform
++++++ 13 Write
       13 - 1:12 Write processing
------ 13 - 0:13 Write finished, calling next()
++ 14 Read
++++ 14 Transform
++++++ 14 Write
       14 - 1:13 Write processing
------ 14 - 0:14 Write finished, calling next()
++ 15 Read
++++ 15 Transform
++++++ 15 Write
       15 - 1:14 Write processing
------ 15 - 0:15 Write finished, calling next()
++ 16 Read
++++ 16 Transform
++++++ 16 Write
       16 - 1:15 Write processing
------ 16 - 0:16 Write finished, calling next()
++ 17 Read
++++ 17 Transform
++++++ 17 Write
       17 - 1:16 Write processing
------ 17 - 0:17 Write finished, calling next()
++ 18 Read
++++ 18 Transform
++++++ 18 Write
       18 - 1:17 Write processing
------ 18 - 0:18 Write finished, calling next()
++ 19 Read
++++ 19 Transform
++++++ 19 Write
       19 - 1:18 Write processing
------ 19 - 0:19 Write finished, calling next()
++ 20 Read
++++ 20 Transform
++++++ 20 Write
       20 - 1:19 Write processing
------ 20 - 0:20 Write finished, calling next()
++ 21 Read
++++ 21 Transform
++++++ 21 Write
       21 - 1:20 Write processing
------ 21 - 0:21 Write finished, calling next()
++ 22 Read
++++ 22 Transform
++++++ 22 Write
       22 - 1:21 Write processing
------ 22 - 0:22 Write finished, calling next()
++ 23 Read
++++ 23 Transform
++++++ 23 Write
       23 - 1:22 Write processing
------ 23 - 0:23 Write finished, calling next()
++ 24 Read
++++ 24 Transform
++++++ 24 Write
       24 - 1:23 Write processing
------ 24 - 0:24 Write finished, calling next()
++ 25 Read
++++ 25 Transform
++++++ 25 Write
       25 - 1:24 Write processing
------ 25 - 0:25 Write finished, calling next()
++ 26 Read
++++ 26 Transform
++++++ 26 Write
       26 - 1:25 Write processing
------ 26 - 0:26 Write finished, calling next()
++ 27 Read
++++ 27 Transform
++++++ 27 Write
       27 - 1:26 Write processing
------ 27 - 0:27 Write finished, calling next()
++ 28 Read
++++ 28 Transform
++++++ 28 Write
       28 - 1:27 Write processing
------ 28 - 0:28 Write finished, calling next()
++ 29 Read
++++ 29 Transform
++++++ 29 Write
       29 - 1:28 Write processing
------ 29 - 0:29 Write finished, calling next()
++ 30 Read
++++ 30 Transform
++++++ 30 Write
       30 - 1:29 Write processing
------ 30 - 0:30 Write finished, calling next()
++ 31 Read
++++ 31 Transform
++++++ 31 Write
       31 - 1:30 Write processing
------ 31 - 0:31 Write finished, calling next()
++ 32 Read
++++ 32 Transform
++++++ 32 Write
       32 - 1:31 Write processing
------ 32 - 0:32 Write finished, calling next()
++ 33 Read
++++ 33 Transform
++++++ 33 Write
       33 - 1:32 Write processing
------ 33 - 0:33 Write finished, calling next()
++ 34 Read
++++ 34 Transform
++++++ 34 Write
       34 - 1:33 Write processing
------ 34 - 0:34 Write finished, calling next()
++ 35 Read
++++ 35 Transform
++++++ 35 Write
       35 - 1:34 Write processing
------ 35 - 0:35 Write finished, calling next()
++ 36 Read
++++ 36 Transform
++++++ 36 Write
       36 - 1:35 Write processing
------ 36 - 0:36 Write finished, calling next()
++ 37 Read
++++ 37 Transform
++++++ 37 Write
       37 - 1:36 Write processing
------ 37 - 0:37 Write finished, calling next()
++ 38 Read
++++ 38 Transform
++++++ 38 Write
       38 - 1:37 Write processing
------ 38 - 0:38 Write finished, calling next()
++ 39 Read
++++ 39 Transform
++++++ 39 Write
       39 - 1:38 Write processing
------ 39 - 0:39 Write finished, calling next()
++ 40 Read
++++ 40 Transform
++++++ 40 Write
       40 - 1:39 Write processing
------ 40 - 0:40 Write finished, calling next()
++ 41 Read
++++++++++ READ End - Mon Dec 11 2017 18:04:27 GMT+0000 (STD)
++++++++++ TRANSFORM Final - Mon Dec 11 2017 18:04:27 GMT+0000 (STD)
++++++++++ WRITE Final - Mon Dec 11 2017 18:04:27 GMT+0000 (STD)