➜  streams101 git:(master) ✗ node indexSyncSlow.js

++++++++++ READ Start - Mon Dec 11 2017 18:06:08 GMT+0000 (STD)
++ 1 Read
++++ 1 Transform
++++++ 1 Write
++ 2 Read
++++ 2 Transform
++ 3 Read
++++ 3 Transform
++ 4 Read
++++ 4 Transform
++ 5 Read
++ 6 Read
++ 7 Read
++ 8 Read
------ 1 - 1:1 Write finished in 711, calling next()
++++++ 2 Write
------ 2 - 1:2 Write finished in 725, calling next()
++++ 5 Transform
++++++ 3 Write
++++ 6 Transform
++ 9 Read
++ 10 Read
------ 3 - 1:3 Write finished in 440, calling next()
++++++ 4 Write
------ 4 - 1:4 Write finished in 859, calling next()
++++ 7 Transform
++++++ 5 Write
++++ 8 Transform
++ 11 Read
++ 12 Read
------ 5 - 1:5 Write finished in 186, calling next()
++++++ 6 Write
------ 6 - 1:6 Write finished in 857, calling next()
++++ 9 Transform
++++++ 7 Write - SLOW
++++ 10 Transform
++ 13 Read
++ 14 Read
------ 7 - 1:7 Write finished in 1232, calling next()
++++++ 8 Write
------ 8 - 1:8 Write finished in 544, calling next()
++++ 11 Transform
++++++ 9 Write - SLOW
++++ 12 Transform
++ 15 Read
++ 16 Read
------ 9 - 1:9 Write finished in 1893, calling next()
++++++ 10 Write
------ 10 - 1:10 Write finished in 155, calling next()
++++ 13 Transform
++++++ 11 Write
++++ 14 Transform
++ 17 Read
++ 18 Read
------ 11 - 1:11 Write finished in 621, calling next()
++++++ 12 Write
------ 12 - 1:12 Write finished in 283, calling next()
++++ 15 Transform
++++++ 13 Write
++++ 16 Transform
++ 19 Read
++ 20 Read
------ 13 - 1:13 Write finished in 758, calling next()
++++++ 14 Write
------ 14 - 1:14 Write finished in 694, calling next()
++++ 17 Transform
++++++ 15 Write
++++ 18 Transform
++ 21 Read
++ 22 Read
------ 15 - 1:15 Write finished in 748, calling next()
++++++ 16 Write
------ 16 - 1:16 Write finished in 275, calling next()
++++ 19 Transform
++++++ 17 Write
++++ 20 Transform
++ 23 Read
++ 24 Read
------ 17 - 1:17 Write finished in 118, calling next()
++++++ 18 Write
------ 18 - 1:18 Write finished in 599, calling next()
++++ 21 Transform
++++++ 19 Write
++++ 22 Transform
++ 25 Read
++ 26 Read
------ 19 - 1:19 Write finished in 893, calling next()
++++++ 20 Write
------ 20 - 1:20 Write finished in 623, calling next()
++++ 23 Transform
++++++ 21 Write
++++ 24 Transform
++ 27 Read
++ 28 Read
------ 21 - 1:21 Write finished in 866, calling next()
++++++ 22 Write
------ 22 - 1:22 Write finished in 892, calling next()
++++ 25 Transform
++++++ 23 Write
++++ 26 Transform
++ 29 Read
++ 30 Read
------ 23 - 1:23 Write finished in 708, calling next()
++++++ 24 Write
------ 24 - 1:24 Write finished in 679, calling next()
++++ 27 Transform
++++++ 25 Write
++++ 28 Transform
++ 31 Read
++ 32 Read
------ 25 - 1:25 Write finished in 671, calling next()
++++++ 26 Write
------ 26 - 1:26 Write finished in 492, calling next()
++++ 29 Transform
++++++ 27 Write - SLOW
++++ 30 Transform
++ 33 Read
++ 34 Read
------ 27 - 1:27 Write finished in 1969, calling next()
++++++ 28 Write
------ 28 - 1:28 Write finished in 111, calling next()
++++ 31 Transform
++++++ 29 Write
++++ 32 Transform
++ 35 Read
++ 36 Read
------ 29 - 1:29 Write finished in 202, calling next()
++++++ 30 Write - SLOW
------ 30 - 1:30 Write finished in 1737, calling next()
++++ 33 Transform
++++++ 31 Write
++++ 34 Transform
++ 37 Read
++ 38 Read
------ 31 - 1:31 Write finished in 502, calling next()
++++++ 32 Write
------ 32 - 1:32 Write finished in 133, calling next()
++++ 35 Transform
++++++ 33 Write
++++ 36 Transform
++ 39 Read
++ 40 Read
------ 33 - 1:33 Write finished in 634, calling next()
++++++ 34 Write - SLOW
------ 34 - 1:34 Write finished in 1649, calling next()
++++ 37 Transform
++++++ 35 Write
++++ 38 Transform
++ 41 Read
++++++++++ READ End - Mon Dec 11 2017 18:06:32 GMT+0000 (STD)
------ 35 - 1:35 Write finished in 604, calling next()
++++++ 36 Write
------ 36 - 1:36 Write finished in 783, calling next()
++++ 39 Transform
++++++ 37 Write
++++ 40 Transform
++++++++++ TRANSFORM Final - Mon Dec 11 2017 18:06:34 GMT+0000 (STD)
------ 37 - 1:37 Write finished in 874, calling next()
++++++ 38 Write
------ 38 - 1:38 Write finished in 347, calling next()
++++++ 39 Write
------ 39 - 1:39 Write finished in 400, calling next()
++++++ 40 Write
------ 40 - 1:40 Write finished in 175, calling next()
++++++++++ WRITE Final - Mon Dec 11 2017 18:06:35 GMT+0000 (STD)
